<?xml version="1.0" encoding="UTF-8"?>
<coverage generated="1652325313530" clover="3.2.0">
  <project timestamp="1652325313531" name="All files">
    <metrics statements="201" coveredstatements="190" conditionals="65" coveredconditionals="53" methods="63" coveredmethods="57" elements="329" coveredelements="300" complexity="0" loc="201" ncloc="201" packages="2" files="5" classes="5"/>
    <package name="src">
      <metrics statements="56" coveredstatements="53" conditionals="9" coveredconditionals="8" methods="12" coveredmethods="11"/>
      <file name="helpers.ts" path="F:\code\misc\sudoku-hero\src\helpers.ts">
        <metrics statements="56" coveredstatements="53" conditionals="9" coveredconditionals="8" methods="12" coveredmethods="11"/>
        <line num="1" count="5" type="stmt"/>
        <line num="3" count="5" type="stmt"/>
        <line num="5" count="5" type="cond" truecount="1" falsecount="0"/>
        <line num="6" count="1473" type="cond" truecount="3" falsecount="0"/>
        <line num="7" count="6" type="stmt"/>
        <line num="10" count="1467" type="stmt"/>
        <line num="11" count="1467" type="stmt"/>
        <line num="12" count="1467" type="stmt"/>
        <line num="13" count="1467" type="stmt"/>
        <line num="14" count="1467" type="stmt"/>
        <line num="16" count="1467" type="stmt"/>
        <line num="24" count="5" type="cond" truecount="0" falsecount="1"/>
        <line num="25" count="18" type="stmt"/>
        <line num="26" count="18" type="cond" truecount="4" falsecount="0"/>
        <line num="27" count="1377" type="stmt"/>
        <line num="29" count="81" type="stmt"/>
        <line num="31" count="18" type="stmt"/>
        <line num="34" count="5" type="stmt"/>
        <line num="35" count="162" type="stmt"/>
        <line num="36" count="162" type="stmt"/>
        <line num="37" count="1458" type="stmt"/>
        <line num="39" count="162" type="stmt"/>
        <line num="42" count="5" type="stmt"/>
        <line num="43" count="162" type="stmt"/>
        <line num="44" count="162" type="stmt"/>
        <line num="45" count="1458" type="stmt"/>
        <line num="47" count="162" type="stmt"/>
        <line num="50" count="5" type="stmt"/>
        <line num="51" count="162" type="stmt"/>
        <line num="52" count="162" type="stmt"/>
        <line num="53" count="162" type="stmt"/>
        <line num="55" count="162" type="stmt"/>
        <line num="56" count="486" type="stmt"/>
        <line num="57" count="1458" type="stmt"/>
        <line num="61" count="162" type="stmt"/>
        <line num="64" count="5" type="stmt"/>
        <line num="65" count="18" type="stmt"/>
        <line num="66" count="18" type="stmt"/>
        <line num="67" count="162" type="stmt"/>
        <line num="69" count="18" type="stmt"/>
        <line num="72" count="5" type="stmt"/>
        <line num="73" count="18" type="stmt"/>
        <line num="74" count="18" type="stmt"/>
        <line num="75" count="162" type="stmt"/>
        <line num="77" count="18" type="stmt"/>
        <line num="80" count="5" type="stmt"/>
        <line num="81" count="18" type="stmt"/>
        <line num="82" count="18" type="stmt"/>
        <line num="83" count="162" type="stmt"/>
        <line num="85" count="18" type="stmt"/>
        <line num="88" count="5" type="stmt"/>
        <line num="89" count="4395" type="stmt"/>
        <line num="92" count="5" type="stmt"/>
        <line num="93" count="0" type="stmt"/>
        <line num="94" count="0" type="stmt"/>
        <line num="95" count="0" type="stmt"/>
      </file>
    </package>
    <package name="src.classes">
      <metrics statements="145" coveredstatements="137" conditionals="56" coveredconditionals="45" methods="51" coveredmethods="46"/>
      <file name="Board.ts" path="F:\code\misc\sudoku-hero\src\classes\Board.ts">
        <metrics statements="44" coveredstatements="41" conditionals="16" coveredconditionals="15" methods="22" coveredmethods="20"/>
        <line num="1" count="4" type="stmt"/>
        <line num="3" count="4" type="stmt"/>
        <line num="15" count="4" type="stmt"/>
        <line num="24" count="12" type="stmt"/>
        <line num="25" count="12" type="stmt"/>
        <line num="29" count="18" type="stmt"/>
        <line num="30" count="18" type="stmt"/>
        <line num="31" count="18" type="stmt"/>
        <line num="32" count="18" type="stmt"/>
        <line num="33" count="162" type="stmt"/>
        <line num="34" count="162" type="stmt"/>
        <line num="35" count="162" type="stmt"/>
        <line num="39" count="0" type="stmt"/>
        <line num="43" count="648" type="stmt"/>
        <line num="47" count="7" type="stmt"/>
        <line num="51" count="1562" type="stmt"/>
        <line num="55" count="12" type="stmt"/>
        <line num="56" count="12" type="stmt"/>
        <line num="60" count="1995" type="stmt"/>
        <line num="62" count="1995" type="stmt"/>
        <line num="64" count="1995" type="stmt"/>
        <line num="65" count="1995" type="stmt"/>
        <line num="66" count="1995" type="stmt"/>
        <line num="68" count="1995" type="stmt"/>
        <line num="69" count="1995" type="stmt"/>
        <line num="70" count="1995" type="stmt"/>
        <line num="72" count="1995" type="cond" truecount="5" falsecount="0"/>
        <line num="73" count="3" type="stmt"/>
        <line num="75" count="1992" type="stmt"/>
        <line num="80" count="19926" type="stmt"/>
        <line num="84" count="19923" type="stmt"/>
        <line num="88" count="19923" type="stmt"/>
        <line num="92" count="1" type="stmt"/>
        <line num="93" count="81" type="cond" truecount="4" falsecount="0"/>
        <line num="94" count="1" type="stmt"/>
        <line num="98" count="1" type="stmt"/>
        <line num="100" count="81" type="stmt"/>
        <line num="101" count="81" type="cond" truecount="2" falsecount="0"/>
        <line num="102" count="1" type="stmt"/>
        <line num="106" count="1992" type="stmt"/>
        <line num="107" count="17928" type="cond" truecount="0" falsecount="1"/>
        <line num="112" count="0" type="stmt"/>
        <line num="113" count="0" type="stmt"/>
        <line num="116" count="1992" type="stmt"/>
      </file>
      <file name="Cell.ts" path="F:\code\misc\sudoku-hero\src\classes\Cell.ts">
        <metrics statements="20" coveredstatements="19" conditionals="24" coveredconditionals="17" methods="6" coveredmethods="5"/>
        <line num="11" count="5" type="stmt"/>
        <line num="24" count="1467" type="stmt"/>
        <line num="25" count="1467" type="stmt"/>
        <line num="26" count="1467" type="stmt"/>
        <line num="27" count="1467" type="stmt"/>
        <line num="29" count="13203" type="stmt"/>
        <line num="31" count="1467" type="stmt"/>
        <line num="32" count="1467" type="stmt"/>
        <line num="33" count="1467" type="stmt"/>
        <line num="37" count="0" type="cond" truecount="0" falsecount="4"/>
        <line num="41" count="6430666" type="stmt"/>
        <line num="45" count="3466" type="cond" truecount="4" falsecount="0"/>
        <line num="46" count="2" type="stmt"/>
        <line num="48" count="3464" type="stmt"/>
        <line num="52" count="53865" type="stmt"/>
        <line num="53" count="53865" type="stmt"/>
        <line num="54" count="484785" type="stmt"/>
        <line num="55" count="484785" type="cond" truecount="13" falsecount="3"/>
        <line num="56" count="141582" type="stmt"/>
        <line num="59" count="53865" type="stmt"/>
      </file>
      <file name="Division.ts" path="F:\code\misc\sudoku-hero\src\classes\Division.ts">
        <metrics statements="38" coveredstatements="37" conditionals="7" coveredconditionals="7" methods="14" coveredmethods="12"/>
        <line num="8" count="5" type="stmt"/>
        <line num="15" count="486" type="stmt"/>
        <line num="16" count="486" type="stmt"/>
        <line num="17" count="486" type="stmt"/>
        <line num="18" count="4374" type="stmt"/>
        <line num="22" count="0" type="stmt"/>
        <line num="26" count="486" type="cond" truecount="3" falsecount="0"/>
        <line num="28" count="1458" type="stmt"/>
        <line num="29" count="162" type="stmt"/>
        <line num="31" count="1458" type="stmt"/>
        <line num="32" count="162" type="stmt"/>
        <line num="34" count="1458" type="stmt"/>
        <line num="35" count="162" type="stmt"/>
        <line num="40" count="6240342" type="stmt"/>
        <line num="44" count="5985" type="stmt"/>
        <line num="45" count="5985" type="stmt"/>
        <line num="46" count="53865" type="stmt"/>
        <line num="50" count="5985" type="stmt"/>
        <line num="51" count="5985" type="stmt"/>
        <line num="52" count="53865" type="stmt"/>
        <line num="53" count="53865" type="cond" truecount="1" falsecount="0"/>
        <line num="54" count="26658" type="stmt"/>
        <line num="57" count="27207" type="stmt"/>
        <line num="59" count="5985" type="stmt"/>
        <line num="60" count="5985" type="stmt"/>
        <line num="61" count="53865" type="cond" truecount="1" falsecount="0"/>
        <line num="62" count="26661" type="stmt"/>
        <line num="65" count="5985" type="stmt"/>
        <line num="69" count="5985" type="stmt"/>
        <line num="70" count="5985" type="stmt"/>
        <line num="71" count="53861" type="stmt"/>
        <line num="72" count="53861" type="cond" truecount="1" falsecount="0"/>
        <line num="73" count="26655" type="stmt"/>
        <line num="76" count="27206" type="cond" truecount="1" falsecount="0"/>
        <line num="77" count="3" type="stmt"/>
        <line num="78" count="3" type="stmt"/>
        <line num="80" count="27203" type="stmt"/>
        <line num="82" count="5982" type="stmt"/>
      </file>
      <file name="GameController.ts" path="F:\code\misc\sudoku-hero\src\classes\GameController.ts">
        <metrics statements="43" coveredstatements="40" conditionals="9" coveredconditionals="6" methods="9" coveredmethods="9"/>
        <line num="1" count="1" type="stmt"/>
        <line num="2" count="1" type="stmt"/>
        <line num="6" count="1" type="stmt"/>
        <line num="9" count="5" type="stmt"/>
        <line num="10" count="5" type="stmt"/>
        <line num="11" count="5" type="stmt"/>
        <line num="15" count="5" type="stmt"/>
        <line num="16" count="5" type="stmt"/>
        <line num="20" count="1961" type="cond" truecount="1" falsecount="0"/>
        <line num="21" count="1233" type="stmt"/>
        <line num="23" count="1961" type="stmt"/>
        <line num="27" count="3" type="stmt"/>
        <line num="28" count="3" type="stmt"/>
        <line num="30" count="3" type="cond" truecount="0" falsecount="1"/>
        <line num="31" count="0" type="stmt"/>
        <line num="36" count="243" type="stmt"/>
        <line num="37" count="3" type="stmt"/>
        <line num="39" count="3" type="stmt"/>
        <line num="40" count="202" type="stmt"/>
        <line num="41" count="202" type="stmt"/>
        <line num="44" count="3" type="stmt"/>
        <line num="48" count="324" type="stmt"/>
        <line num="49" count="4" type="stmt"/>
        <line num="50" count="324" type="stmt"/>
        <line num="52" count="4" type="cond" truecount="0" falsecount="1"/>
        <line num="53" count="0" type="stmt"/>
        <line num="60" count="1237" type="cond" truecount="0" falsecount="1"/>
        <line num="61" count="0" type="stmt"/>
        <line num="64" count="1237" type="cond" truecount="1" falsecount="0"/>
        <line num="65" count="4" type="stmt"/>
        <line num="68" count="1233" type="stmt"/>
        <line num="69" count="1233" type="stmt"/>
        <line num="71" count="1233" type="stmt"/>
        <line num="72" count="1233" type="stmt"/>
        <line num="74" count="1233" type="cond" truecount="1" falsecount="0"/>
        <line num="75" count="413" type="stmt"/>
        <line num="78" count="820" type="stmt"/>
        <line num="79" count="1233" type="stmt"/>
        <line num="80" count="1233" type="stmt"/>
        <line num="81" count="1233" type="cond" truecount="3" falsecount="0"/>
        <line num="82" count="294" type="stmt"/>
        <line num="86" count="526" type="stmt"/>
        <line num="87" count="526" type="stmt"/>
      </file>
    </package>
  </project>
</coverage>
