{"F:\\code\\misc\\sudoku-hero\\src\\helpers.ts": {"path":"F:\\code\\misc\\sudoku-hero\\src\\helpers.ts","statementMap":{"0":{"start":{"line":1,"column":0},"end":{"line":1,"column":38}},"1":{"start":{"line":3,"column":0},"end":{"line":3,"column":46}},"2":{"start":{"line":6,"column":2},"end":{"line":8,"column":null}},"3":{"start":{"line":7,"column":4},"end":{"line":7,"column":16}},"4":{"start":{"line":10,"column":14},"end":{"line":10,"column":31}},"5":{"start":{"line":11,"column":14},"end":{"line":11,"column":19}},"6":{"start":{"line":12,"column":16},"end":{"line":12,"column":35}},"7":{"start":{"line":13,"column":16},"end":{"line":13,"column":35}},"8":{"start":{"line":14,"column":18},"end":{"line":14,"column":35}},"9":{"start":{"line":16,"column":2},"end":{"line":21,"column":5}},"10":{"start":{"line":5,"column":0},"end":{"line":5,"column":16}},"11":{"start":{"line":25,"column":14},"end":{"line":25,"column":16}},"12":{"start":{"line":26,"column":2},"end":{"line":30,"column":null}},"13":{"start":{"line":27,"column":4},"end":{"line":27,"column":67}},"14":{"start":{"line":27,"column":52},"end":{"line":27,"column":65}},"15":{"start":{"line":29,"column":4},"end":{"line":29,"column":61}},"16":{"start":{"line":29,"column":39},"end":{"line":29,"column":59}},"17":{"start":{"line":31,"column":2},"end":{"line":31,"column":15}},"18":{"start":{"line":24,"column":0},"end":{"line":24,"column":16}},"19":{"start":{"line":35,"column":24},"end":{"line":35,"column":26}},"20":{"start":{"line":36,"column":2},"end":{"line":38,"column":null}},"21":{"start":{"line":36,"column":17},"end":{"line":36,"column":18}},"22":{"start":{"line":37,"column":4},"end":{"line":37,"column":43}},"23":{"start":{"line":39,"column":2},"end":{"line":39,"column":46}},"24":{"start":{"line":34,"column":0},"end":{"line":34,"column":16}},"25":{"start":{"line":43,"column":24},"end":{"line":43,"column":26}},"26":{"start":{"line":44,"column":2},"end":{"line":46,"column":null}},"27":{"start":{"line":44,"column":17},"end":{"line":44,"column":18}},"28":{"start":{"line":45,"column":4},"end":{"line":45,"column":43}},"29":{"start":{"line":47,"column":2},"end":{"line":47,"column":46}},"30":{"start":{"line":42,"column":0},"end":{"line":42,"column":16}},"31":{"start":{"line":51,"column":24},"end":{"line":51,"column":26}},"32":{"start":{"line":52,"column":16},"end":{"line":52,"column":39}},"33":{"start":{"line":53,"column":16},"end":{"line":53,"column":27}},"34":{"start":{"line":55,"column":2},"end":{"line":59,"column":null}},"35":{"start":{"line":55,"column":17},"end":{"line":55,"column":18}},"36":{"start":{"line":56,"column":4},"end":{"line":58,"column":null}},"37":{"start":{"line":56,"column":19},"end":{"line":56,"column":20}},"38":{"start":{"line":57,"column":6},"end":{"line":57,"column":69}},"39":{"start":{"line":61,"column":2},"end":{"line":61,"column":50}},"40":{"start":{"line":50,"column":0},"end":{"line":50,"column":16}},"41":{"start":{"line":65,"column":27},"end":{"line":65,"column":29}},"42":{"start":{"line":66,"column":2},"end":{"line":68,"column":null}},"43":{"start":{"line":66,"column":17},"end":{"line":66,"column":18}},"44":{"start":{"line":67,"column":4},"end":{"line":67,"column":43}},"45":{"start":{"line":69,"column":2},"end":{"line":69,"column":14}},"46":{"start":{"line":64,"column":0},"end":{"line":64,"column":16}},"47":{"start":{"line":73,"column":27},"end":{"line":73,"column":29}},"48":{"start":{"line":74,"column":2},"end":{"line":76,"column":null}},"49":{"start":{"line":74,"column":17},"end":{"line":74,"column":18}},"50":{"start":{"line":75,"column":4},"end":{"line":75,"column":43}},"51":{"start":{"line":77,"column":2},"end":{"line":77,"column":14}},"52":{"start":{"line":72,"column":0},"end":{"line":72,"column":16}},"53":{"start":{"line":81,"column":31},"end":{"line":81,"column":33}},"54":{"start":{"line":82,"column":2},"end":{"line":84,"column":null}},"55":{"start":{"line":82,"column":16},"end":{"line":82,"column":17}},"56":{"start":{"line":83,"column":4},"end":{"line":83,"column":50}},"57":{"start":{"line":85,"column":2},"end":{"line":85,"column":18}},"58":{"start":{"line":80,"column":0},"end":{"line":80,"column":16}},"59":{"start":{"line":89,"column":2},"end":{"line":89,"column":23}},"60":{"start":{"line":88,"column":0},"end":{"line":88,"column":16}},"61":{"start":{"line":93,"column":14},"end":{"line":93,"column":35}},"62":{"start":{"line":94,"column":14},"end":{"line":94,"column":23}},"63":{"start":{"line":95,"column":2},"end":{"line":95,"column":20}},"64":{"start":{"line":92,"column":0},"end":{"line":92,"column":16}}},"fnMap":{"0":{"name":"createCell","decl":{"start":{"line":5,"column":16},"end":{"line":5,"column":26}},"loc":{"start":{"line":5,"column":61},"end":{"line":22,"column":1}}},"1":{"name":"getCellsFromTemplate","decl":{"start":{"line":24,"column":16},"end":{"line":24,"column":36}},"loc":{"start":{"line":24,"column":65},"end":{"line":32,"column":1}}},"2":{"name":"(anonymous_2)","decl":{"start":{"line":27,"column":42},"end":{"line":27,"column":43}},"loc":{"start":{"line":27,"column":52},"end":{"line":27,"column":65}}},"3":{"name":"(anonymous_3)","decl":{"start":{"line":29,"column":25},"end":{"line":29,"column":26}},"loc":{"start":{"line":29,"column":39},"end":{"line":29,"column":59}}},"4":{"name":"getRowFromCells","decl":{"start":{"line":34,"column":16},"end":{"line":34,"column":31}},"loc":{"start":{"line":34,"column":59},"end":{"line":40,"column":1}}},"5":{"name":"getColFromCells","decl":{"start":{"line":42,"column":16},"end":{"line":42,"column":31}},"loc":{"start":{"line":42,"column":59},"end":{"line":48,"column":1}}},"6":{"name":"getSubGridFromCells","decl":{"start":{"line":50,"column":16},"end":{"line":50,"column":35}},"loc":{"start":{"line":50,"column":67},"end":{"line":62,"column":1}}},"7":{"name":"getRowsFromCells","decl":{"start":{"line":64,"column":16},"end":{"line":64,"column":32}},"loc":{"start":{"line":64,"column":46},"end":{"line":70,"column":1}}},"8":{"name":"getColsFromCells","decl":{"start":{"line":72,"column":16},"end":{"line":72,"column":32}},"loc":{"start":{"line":72,"column":46},"end":{"line":78,"column":1}}},"9":{"name":"getSubGridsFromCells","decl":{"start":{"line":80,"column":16},"end":{"line":80,"column":36}},"loc":{"start":{"line":80,"column":50},"end":{"line":86,"column":1}}},"10":{"name":"getIndex","decl":{"start":{"line":88,"column":16},"end":{"line":88,"column":24}},"loc":{"start":{"line":88,"column":49},"end":{"line":90,"column":1}}},"11":{"name":"getRowColumn","decl":{"start":{"line":92,"column":16},"end":{"line":92,"column":28}},"loc":{"start":{"line":92,"column":42},"end":{"line":96,"column":1}}}},"branchMap":{"0":{"loc":{"start":{"line":5,"column":38},"end":{"line":5,"column":61}},"type":"default-arg","locations":[{"start":{"line":5,"column":57},"end":{"line":5,"column":61}}]},"1":{"loc":{"start":{"line":6,"column":2},"end":{"line":8,"column":null}},"type":"if","locations":[{"start":{"line":6,"column":2},"end":{"line":8,"column":null}}]},"2":{"loc":{"start":{"line":6,"column":6},"end":{"line":6,"column":22}},"type":"binary-expr","locations":[{"start":{"line":6,"column":6},"end":{"line":6,"column":11}},{"start":{"line":6,"column":15},"end":{"line":6,"column":22}}]},"3":{"loc":{"start":{"line":24,"column":37},"end":{"line":24,"column":65}},"type":"default-arg","locations":[{"start":{"line":24,"column":61},"end":{"line":24,"column":65}}]},"4":{"loc":{"start":{"line":26,"column":2},"end":{"line":30,"column":null}},"type":"if","locations":[{"start":{"line":26,"column":2},"end":{"line":30,"column":null}},{"start":{"line":28,"column":9},"end":{"line":30,"column":null}}]},"5":{"loc":{"start":{"line":26,"column":6},"end":{"line":26,"column":41}},"type":"binary-expr","locations":[{"start":{"line":26,"column":6},"end":{"line":26,"column":15}},{"start":{"line":26,"column":19},"end":{"line":26,"column":41}}]}},"s":{"0":5,"1":5,"2":1473,"3":6,"4":1467,"5":1467,"6":1467,"7":1467,"8":1467,"9":1467,"10":5,"11":18,"12":18,"13":17,"14":1377,"15":1,"16":81,"17":18,"18":5,"19":162,"20":162,"21":162,"22":1458,"23":162,"24":5,"25":162,"26":162,"27":162,"28":1458,"29":162,"30":5,"31":162,"32":162,"33":162,"34":162,"35":162,"36":486,"37":486,"38":1458,"39":162,"40":5,"41":18,"42":18,"43":18,"44":162,"45":18,"46":5,"47":18,"48":18,"49":18,"50":162,"51":18,"52":5,"53":18,"54":18,"55":18,"56":162,"57":18,"58":5,"59":4395,"60":5,"61":0,"62":0,"63":0,"64":5},"f":{"0":1473,"1":18,"2":1377,"3":81,"4":162,"5":162,"6":162,"7":18,"8":18,"9":18,"10":4395,"11":0},"b":{"0":[1392],"1":[6],"2":[1473,1470],"3":[0],"4":[17,1],"5":[18,12]}}
,"F:\\code\\misc\\sudoku-hero\\src\\classes\\Board.ts": {"path":"F:\\code\\misc\\sudoku-hero\\src\\classes\\Board.ts","statementMap":{"0":{"start":{"line":1,"column":0},"end":{"line":1,"column":33}},"1":{"start":{"line":3,"column":0},"end":{"line":3,"column":null}},"2":{"start":{"line":24,"column":4},"end":{"line":24,"column":31}},"3":{"start":{"line":25,"column":4},"end":{"line":25,"column":19}},"4":{"start":{"line":29,"column":4},"end":{"line":29,"column":48}},"5":{"start":{"line":30,"column":4},"end":{"line":30,"column":45}},"6":{"start":{"line":31,"column":4},"end":{"line":31,"column":45}},"7":{"start":{"line":32,"column":4},"end":{"line":32,"column":53}},"8":{"start":{"line":33,"column":4},"end":{"line":33,"column":43}},"9":{"start":{"line":33,"column":31},"end":{"line":33,"column":41}},"10":{"start":{"line":34,"column":4},"end":{"line":34,"column":43}},"11":{"start":{"line":34,"column":31},"end":{"line":34,"column":41}},"12":{"start":{"line":35,"column":4},"end":{"line":35,"column":45}},"13":{"start":{"line":35,"column":34},"end":{"line":35,"column":43}},"14":{"start":{"line":39,"column":4},"end":{"line":39,"column":57}},"15":{"start":{"line":39,"column":32},"end":{"line":39,"column":44}},"16":{"start":{"line":43,"column":4},"end":{"line":43,"column":42}},"17":{"start":{"line":43,"column":33},"end":{"line":43,"column":40}},"18":{"start":{"line":47,"column":4},"end":{"line":47,"column":42}},"19":{"start":{"line":51,"column":4},"end":{"line":51,"column":29}},"20":{"start":{"line":55,"column":18},"end":{"line":55,"column":36}},"21":{"start":{"line":56,"column":4},"end":{"line":56,"column":45}},"22":{"start":{"line":60,"column":17},"end":{"line":60,"column":34}},"23":{"start":{"line":62,"column":4},"end":{"line":62,"column":36}},"24":{"start":{"line":64,"column":19},"end":{"line":64,"column":40}},"25":{"start":{"line":65,"column":19},"end":{"line":65,"column":40}},"26":{"start":{"line":66,"column":18},"end":{"line":66,"column":47}},"27":{"start":{"line":68,"column":4},"end":{"line":68,"column":20}},"28":{"start":{"line":69,"column":4},"end":{"line":69,"column":20}},"29":{"start":{"line":70,"column":4},"end":{"line":70,"column":19}},"30":{"start":{"line":72,"column":4},"end":{"line":76,"column":null}},"31":{"start":{"line":73,"column":6},"end":{"line":73,"column":27}},"32":{"start":{"line":75,"column":6},"end":{"line":75,"column":28}},"33":{"start":{"line":80,"column":4},"end":{"line":80,"column":26}},"34":{"start":{"line":84,"column":4},"end":{"line":84,"column":26}},"35":{"start":{"line":88,"column":4},"end":{"line":88,"column":29}},"36":{"start":{"line":92,"column":21},"end":{"line":92,"column":39}},"37":{"start":{"line":93,"column":16},"end":{"line":93,"column":73}},"38":{"start":{"line":93,"column":43},"end":{"line":93,"column":67}},"39":{"start":{"line":94,"column":4},"end":{"line":94,"column":15}},"40":{"start":{"line":98,"column":21},"end":{"line":101,"column":39}},"41":{"start":{"line":100,"column":18},"end":{"line":100,"column":29}},"42":{"start":{"line":101,"column":19},"end":{"line":101,"column":37}},"43":{"start":{"line":102,"column":4},"end":{"line":102,"column":31}},"44":{"start":{"line":106,"column":4},"end":{"line":115,"column":null}},"45":{"start":{"line":106,"column":17},"end":{"line":106,"column":18}},"46":{"start":{"line":107,"column":6},"end":{"line":114,"column":null}},"47":{"start":{"line":112,"column":8},"end":{"line":112,"column":29}},"48":{"start":{"line":113,"column":8},"end":{"line":113,"column":15}},"49":{"start":{"line":116,"column":4},"end":{"line":116,"column":24}},"50":{"start":{"line":15,"column":0},"end":{"line":15,"column":13}}},"fnMap":{"0":{"name":"(anonymous_1)","decl":{"start":{"line":23,"column":2},"end":{"line":23,"column":14}},"loc":{"start":{"line":23,"column":42},"end":{"line":26,"column":3}}},"1":{"name":"(anonymous_2)","decl":{"start":{"line":28,"column":2},"end":{"line":28,"column":13}},"loc":{"start":{"line":28,"column":35},"end":{"line":36,"column":3}}},"2":{"name":"(anonymous_3)","decl":{"start":{"line":33,"column":22},"end":{"line":33,"column":23}},"loc":{"start":{"line":33,"column":31},"end":{"line":33,"column":41}}},"3":{"name":"(anonymous_4)","decl":{"start":{"line":34,"column":22},"end":{"line":34,"column":23}},"loc":{"start":{"line":34,"column":31},"end":{"line":34,"column":41}}},"4":{"name":"(anonymous_5)","decl":{"start":{"line":35,"column":26},"end":{"line":35,"column":27}},"loc":{"start":{"line":35,"column":34},"end":{"line":35,"column":43}}},"5":{"name":"(anonymous_6)","decl":{"start":{"line":38,"column":2},"end":{"line":38,"column":10}},"loc":{"start":{"line":38,"column":10},"end":{"line":40,"column":3}}},"6":{"name":"(anonymous_7)","decl":{"start":{"line":39,"column":25},"end":{"line":39,"column":26}},"loc":{"start":{"line":39,"column":32},"end":{"line":39,"column":44}}},"7":{"name":"(anonymous_8)","decl":{"start":{"line":42,"column":2},"end":{"line":42,"column":13}},"loc":{"start":{"line":42,"column":13},"end":{"line":44,"column":3}}},"8":{"name":"(anonymous_9)","decl":{"start":{"line":43,"column":26},"end":{"line":43,"column":27}},"loc":{"start":{"line":43,"column":33},"end":{"line":43,"column":40}}},"9":{"name":"(anonymous_10)","decl":{"start":{"line":46,"column":2},"end":{"line":46,"column":9}},"loc":{"start":{"line":46,"column":34},"end":{"line":48,"column":3}}},"10":{"name":"(anonymous_11)","decl":{"start":{"line":50,"column":2},"end":{"line":50,"column":16}},"loc":{"start":{"line":50,"column":30},"end":{"line":52,"column":3}}},"11":{"name":"(anonymous_12)","decl":{"start":{"line":54,"column":2},"end":{"line":54,"column":9}},"loc":{"start":{"line":54,"column":56},"end":{"line":57,"column":3}}},"12":{"name":"(anonymous_13)","decl":{"start":{"line":59,"column":2},"end":{"line":59,"column":16}},"loc":{"start":{"line":59,"column":52},"end":{"line":77,"column":3}}},"13":{"name":"(anonymous_14)","decl":{"start":{"line":79,"column":2},"end":{"line":79,"column":8}},"loc":{"start":{"line":79,"column":20},"end":{"line":81,"column":3}}},"14":{"name":"(anonymous_15)","decl":{"start":{"line":83,"column":2},"end":{"line":83,"column":8}},"loc":{"start":{"line":83,"column":20},"end":{"line":85,"column":3}}},"15":{"name":"(anonymous_16)","decl":{"start":{"line":87,"column":2},"end":{"line":87,"column":12}},"loc":{"start":{"line":87,"column":23},"end":{"line":89,"column":3}}},"16":{"name":"(anonymous_17)","decl":{"start":{"line":91,"column":2},"end":{"line":91,"column":6}},"loc":{"start":{"line":91,"column":6},"end":{"line":95,"column":3}}},"17":{"name":"(anonymous_18)","decl":{"start":{"line":93,"column":32},"end":{"line":93,"column":33}},"loc":{"start":{"line":93,"column":43},"end":{"line":93,"column":67}}},"18":{"name":"(anonymous_19)","decl":{"start":{"line":97,"column":2},"end":{"line":97,"column":6}},"loc":{"start":{"line":97,"column":18},"end":{"line":103,"column":3}}},"19":{"name":"(anonymous_20)","decl":{"start":{"line":100,"column":11},"end":{"line":100,"column":12}},"loc":{"start":{"line":100,"column":18},"end":{"line":100,"column":29}}},"20":{"name":"(anonymous_21)","decl":{"start":{"line":101,"column":11},"end":{"line":101,"column":12}},"loc":{"start":{"line":101,"column":19},"end":{"line":101,"column":37}}},"21":{"name":"(anonymous_22)","decl":{"start":{"line":105,"column":10},"end":{"line":105,"column":24}},"loc":{"start":{"line":105,"column":24},"end":{"line":117,"column":3}}}},"branchMap":{"0":{"loc":{"start":{"line":23,"column":14},"end":{"line":23,"column":42}},"type":"default-arg","locations":[{"start":{"line":23,"column":38},"end":{"line":23,"column":42}}]},"1":{"loc":{"start":{"line":72,"column":4},"end":{"line":76,"column":null}},"type":"if","locations":[{"start":{"line":72,"column":4},"end":{"line":76,"column":null}},{"start":{"line":74,"column":11},"end":{"line":76,"column":null}}]},"2":{"loc":{"start":{"line":72,"column":8},"end":{"line":72,"column":60}},"type":"binary-expr","locations":[{"start":{"line":72,"column":8},"end":{"line":72,"column":23}},{"start":{"line":72,"column":27},"end":{"line":72,"column":42}},{"start":{"line":72,"column":46},"end":{"line":72,"column":60}}]},"3":{"loc":{"start":{"line":93,"column":49},"end":{"line":93,"column":55}},"type":"cond-expr","locations":[{"start":{"line":93,"column":49},"end":{"line":93,"column":50}},{"start":{"line":93,"column":54},"end":{"line":93,"column":55}}]},"4":{"loc":{"start":{"line":93,"column":49},"end":{"line":93,"column":54}},"type":"binary-expr","locations":[{"start":{"line":93,"column":49},"end":{"line":93,"column":54}},{"start":{"line":93,"column":49},"end":{"line":93,"column":54}}]},"5":{"loc":{"start":{"line":101,"column":19},"end":{"line":101,"column":37}},"type":"cond-expr","locations":[{"start":{"line":101,"column":29},"end":{"line":101,"column":33}},{"start":{"line":101,"column":36},"end":{"line":101,"column":37}}]},"6":{"loc":{"start":{"line":107,"column":6},"end":{"line":114,"column":null}},"type":"if","locations":[{"start":{"line":107,"column":6},"end":{"line":114,"column":null}}]},"7":{"loc":{"start":{"line":108,"column":8},"end":{"line":110,"column":35}},"type":"binary-expr","locations":[{"start":{"line":108,"column":8},"end":{"line":108,"column":31}},{"start":{"line":109,"column":8},"end":{"line":109,"column":31}},{"start":{"line":110,"column":8},"end":{"line":110,"column":35}}]}},"s":{"0":4,"1":4,"2":12,"3":12,"4":18,"5":18,"6":18,"7":18,"8":18,"9":162,"10":18,"11":162,"12":18,"13":162,"14":0,"15":0,"16":8,"17":648,"18":7,"19":1562,"20":12,"21":12,"22":1995,"23":1995,"24":1995,"25":1995,"26":1995,"27":1995,"28":1995,"29":1995,"30":1995,"31":3,"32":1992,"33":19926,"34":19923,"35":19923,"36":1,"37":1,"38":81,"39":1,"40":1,"41":81,"42":81,"43":1,"44":1992,"45":1992,"46":17928,"47":0,"48":0,"49":1992,"50":4},"f":{"0":12,"1":18,"2":162,"3":162,"4":162,"5":0,"6":0,"7":8,"8":648,"9":7,"10":1562,"11":12,"12":1995,"13":19926,"14":19923,"15":19923,"16":1,"17":81,"18":1,"19":81,"20":81,"21":1992},"b":{"0":[6],"1":[3,1992],"2":[1995,1994,1993],"3":[1,80],"4":[81,1],"5":[80,1],"6":[0],"7":[17928,17928,17928]}}
,"F:\\code\\misc\\sudoku-hero\\src\\classes\\Cell.ts": {"path":"F:\\code\\misc\\sudoku-hero\\src\\classes\\Cell.ts","statementMap":{"0":{"start":{"line":24,"column":4},"end":{"line":24,"column":24}},"1":{"start":{"line":25,"column":4},"end":{"line":25,"column":24}},"2":{"start":{"line":26,"column":4},"end":{"line":26,"column":32}},"3":{"start":{"line":27,"column":4},"end":{"line":27,"column":28}},"4":{"start":{"line":29,"column":4},"end":{"line":29,"column":67}},"5":{"start":{"line":29,"column":60},"end":{"line":29,"column":65}},"6":{"start":{"line":31,"column":4},"end":{"line":31,"column":23}},"7":{"start":{"line":32,"column":4},"end":{"line":32,"column":23}},"8":{"start":{"line":33,"column":4},"end":{"line":33,"column":22}},"9":{"start":{"line":37,"column":4},"end":{"line":37,"column":36}},"10":{"start":{"line":41,"column":4},"end":{"line":41,"column":23}},"11":{"start":{"line":45,"column":4},"end":{"line":47,"column":null}},"12":{"start":{"line":46,"column":6},"end":{"line":46,"column":57}},"13":{"start":{"line":48,"column":4},"end":{"line":48,"column":24}},"14":{"start":{"line":52,"column":22},"end":{"line":52,"column":24}},"15":{"start":{"line":53,"column":4},"end":{"line":58,"column":null}},"16":{"start":{"line":53,"column":17},"end":{"line":53,"column":18}},"17":{"start":{"line":54,"column":16},"end":{"line":54,"column":21}},"18":{"start":{"line":55,"column":6},"end":{"line":57,"column":null}},"19":{"start":{"line":56,"column":8},"end":{"line":56,"column":26}},"20":{"start":{"line":59,"column":4},"end":{"line":59,"column":31}},"21":{"start":{"line":11,"column":0},"end":{"line":11,"column":13}}},"fnMap":{"0":{"name":"(anonymous_0)","decl":{"start":{"line":23,"column":2},"end":{"line":23,"column":14}},"loc":{"start":{"line":23,"column":25},"end":{"line":34,"column":3}}},"1":{"name":"(anonymous_1)","decl":{"start":{"line":29,"column":50},"end":{"line":29,"column":51}},"loc":{"start":{"line":29,"column":60},"end":{"line":29,"column":65}}},"2":{"name":"(anonymous_2)","decl":{"start":{"line":36,"column":2},"end":{"line":36,"column":10}},"loc":{"start":{"line":36,"column":10},"end":{"line":38,"column":3}}},"3":{"name":"(anonymous_3)","decl":{"start":{"line":40,"column":2},"end":{"line":40,"column":13}},"loc":{"start":{"line":40,"column":18},"end":{"line":42,"column":3}}},"4":{"name":"(anonymous_4)","decl":{"start":{"line":44,"column":2},"end":{"line":44,"column":13}},"loc":{"start":{"line":44,"column":35},"end":{"line":49,"column":3}}},"5":{"name":"(anonymous_5)","decl":{"start":{"line":51,"column":2},"end":{"line":51,"column":8}},"loc":{"start":{"line":51,"column":8},"end":{"line":60,"column":3}}}},"branchMap":{"0":{"loc":{"start":{"line":37,"column":17},"end":{"line":37,"column":34}},"type":"cond-expr","locations":[{"start":{"line":37,"column":27},"end":{"line":37,"column":31}},{"start":{"line":37,"column":31},"end":{"line":37,"column":34}}]},"1":{"loc":{"start":{"line":37,"column":17},"end":{"line":37,"column":31}},"type":"binary-expr","locations":[{"start":{"line":37,"column":17},"end":{"line":37,"column":31}},{"start":{"line":37,"column":27},"end":{"line":37,"column":31}}]},"2":{"loc":{"start":{"line":45,"column":4},"end":{"line":47,"column":null}},"type":"if","locations":[{"start":{"line":45,"column":4},"end":{"line":47,"column":null}}]},"3":{"loc":{"start":{"line":45,"column":8},"end":{"line":45,"column":53}},"type":"binary-expr","locations":[{"start":{"line":45,"column":8},"end":{"line":45,"column":22}},{"start":{"line":45,"column":27},"end":{"line":45,"column":37}},{"start":{"line":45,"column":41},"end":{"line":45,"column":52}}]},"4":{"loc":{"start":{"line":55,"column":6},"end":{"line":57,"column":null}},"type":"if","locations":[{"start":{"line":55,"column":6},"end":{"line":57,"column":null}}]},"5":{"loc":{"start":{"line":55,"column":12},"end":{"line":55,"column":77}},"type":"binary-expr","locations":[{"start":{"line":55,"column":12},"end":{"line":55,"column":31}},{"start":{"line":55,"column":35},"end":{"line":55,"column":54}},{"start":{"line":55,"column":58},"end":{"line":55,"column":76}}]},"6":{"loc":{"start":{"line":55,"column":12},"end":{"line":55,"column":31}},"type":"cond-expr","locations":[{"start":{"line":55,"column":23},"end":{"line":55,"column":25}},{"start":{"line":55,"column":23},"end":{"line":55,"column":31}}]},"7":{"loc":{"start":{"line":55,"column":12},"end":{"line":55,"column":25}},"type":"binary-expr","locations":[{"start":{"line":55,"column":12},"end":{"line":55,"column":25}},{"start":{"line":55,"column":23},"end":{"line":55,"column":25}}]},"8":{"loc":{"start":{"line":55,"column":35},"end":{"line":55,"column":54}},"type":"cond-expr","locations":[{"start":{"line":55,"column":46},"end":{"line":55,"column":48}},{"start":{"line":55,"column":46},"end":{"line":55,"column":54}}]},"9":{"loc":{"start":{"line":55,"column":35},"end":{"line":55,"column":48}},"type":"binary-expr","locations":[{"start":{"line":55,"column":35},"end":{"line":55,"column":48}},{"start":{"line":55,"column":46},"end":{"line":55,"column":48}}]},"10":{"loc":{"start":{"line":55,"column":58},"end":{"line":55,"column":76}},"type":"cond-expr","locations":[{"start":{"line":55,"column":68},"end":{"line":55,"column":70}},{"start":{"line":55,"column":68},"end":{"line":55,"column":76}}]},"11":{"loc":{"start":{"line":55,"column":58},"end":{"line":55,"column":70}},"type":"binary-expr","locations":[{"start":{"line":55,"column":58},"end":{"line":55,"column":70}},{"start":{"line":55,"column":68},"end":{"line":55,"column":70}}]}},"s":{"0":1467,"1":1467,"2":1467,"3":1467,"4":1467,"5":13203,"6":1467,"7":1467,"8":1467,"9":0,"10":6430666,"11":3466,"12":2,"13":3464,"14":53865,"15":53865,"16":53865,"17":484785,"18":484785,"19":141582,"20":53865,"21":5},"f":{"0":1467,"1":13203,"2":0,"3":6430666,"4":3466,"5":53865},"b":{"0":[0,0],"1":[0,0],"2":[2],"3":[3466,1272,1271],"4":[141582],"5":[484785,231799,171021],"6":[0,484785],"7":[484785,484785],"8":[0,231799],"9":[231799,231799],"10":[0,171021],"11":[171021,171021]}}
,"F:\\code\\misc\\sudoku-hero\\src\\classes\\Division.ts": {"path":"F:\\code\\misc\\sudoku-hero\\src\\classes\\Division.ts","statementMap":{"0":{"start":{"line":15,"column":4},"end":{"line":15,"column":30}},"1":{"start":{"line":16,"column":4},"end":{"line":16,"column":32}},"2":{"start":{"line":17,"column":4},"end":{"line":17,"column":24}},"3":{"start":{"line":18,"column":4},"end":{"line":18,"column":67}},"4":{"start":{"line":18,"column":60},"end":{"line":18,"column":65}},"5":{"start":{"line":22,"column":4},"end":{"line":22,"column":59}},"6":{"start":{"line":22,"column":33},"end":{"line":22,"column":45}},"7":{"start":{"line":26,"column":4},"end":{"line":36,"column":null}},"8":{"start":{"line":28,"column":8},"end":{"line":28,"column":59}},"9":{"start":{"line":28,"column":38},"end":{"line":28,"column":56}},"10":{"start":{"line":29,"column":8},"end":{"line":29,"column":14}},"11":{"start":{"line":31,"column":8},"end":{"line":31,"column":59}},"12":{"start":{"line":31,"column":38},"end":{"line":31,"column":56}},"13":{"start":{"line":32,"column":8},"end":{"line":32,"column":14}},"14":{"start":{"line":34,"column":8},"end":{"line":34,"column":58}},"15":{"start":{"line":34,"column":38},"end":{"line":34,"column":55}},"16":{"start":{"line":35,"column":8},"end":{"line":35,"column":14}},"17":{"start":{"line":40,"column":4},"end":{"line":40,"column":49}},"18":{"start":{"line":40,"column":34},"end":{"line":40,"column":47}},"19":{"start":{"line":44,"column":4},"end":{"line":44,"column":27}},"20":{"start":{"line":45,"column":4},"end":{"line":45,"column":25}},"21":{"start":{"line":46,"column":4},"end":{"line":46,"column":42}},"22":{"start":{"line":46,"column":30},"end":{"line":46,"column":40}},"23":{"start":{"line":50,"column":21},"end":{"line":50,"column":30}},"24":{"start":{"line":51,"column":4},"end":{"line":58,"column":null}},"25":{"start":{"line":51,"column":17},"end":{"line":51,"column":18}},"26":{"start":{"line":52,"column":19},"end":{"line":52,"column":32}},"27":{"start":{"line":53,"column":6},"end":{"line":55,"column":null}},"28":{"start":{"line":54,"column":8},"end":{"line":54,"column":17}},"29":{"start":{"line":57,"column":6},"end":{"line":57,"column":31}},"30":{"start":{"line":59,"column":22},"end":{"line":59,"column":24}},"31":{"start":{"line":60,"column":4},"end":{"line":64,"column":null}},"32":{"start":{"line":60,"column":17},"end":{"line":60,"column":18}},"33":{"start":{"line":61,"column":6},"end":{"line":63,"column":null}},"34":{"start":{"line":62,"column":8},"end":{"line":62,"column":30}},"35":{"start":{"line":65,"column":4},"end":{"line":65,"column":31}},"36":{"start":{"line":69,"column":21},"end":{"line":69,"column":30}},"37":{"start":{"line":70,"column":4},"end":{"line":81,"column":null}},"38":{"start":{"line":70,"column":17},"end":{"line":70,"column":18}},"39":{"start":{"line":71,"column":19},"end":{"line":71,"column":32}},"40":{"start":{"line":72,"column":6},"end":{"line":74,"column":null}},"41":{"start":{"line":73,"column":8},"end":{"line":73,"column":17}},"42":{"start":{"line":76,"column":6},"end":{"line":79,"column":null}},"43":{"start":{"line":77,"column":8},"end":{"line":77,"column":29}},"44":{"start":{"line":78,"column":8},"end":{"line":78,"column":15}},"45":{"start":{"line":80,"column":6},"end":{"line":80,"column":31}},"46":{"start":{"line":82,"column":4},"end":{"line":82,"column":24}},"47":{"start":{"line":8,"column":0},"end":{"line":8,"column":13}}},"fnMap":{"0":{"name":"(anonymous_0)","decl":{"start":{"line":14,"column":2},"end":{"line":14,"column":14}},"loc":{"start":{"line":14,"column":33},"end":{"line":19,"column":3}}},"1":{"name":"(anonymous_1)","decl":{"start":{"line":18,"column":50},"end":{"line":18,"column":51}},"loc":{"start":{"line":18,"column":60},"end":{"line":18,"column":65}}},"2":{"name":"(anonymous_2)","decl":{"start":{"line":21,"column":2},"end":{"line":21,"column":10}},"loc":{"start":{"line":21,"column":10},"end":{"line":23,"column":3}}},"3":{"name":"(anonymous_3)","decl":{"start":{"line":22,"column":26},"end":{"line":22,"column":27}},"loc":{"start":{"line":22,"column":33},"end":{"line":22,"column":45}}},"4":{"name":"(anonymous_4)","decl":{"start":{"line":25,"column":2},"end":{"line":25,"column":6}},"loc":{"start":{"line":25,"column":6},"end":{"line":37,"column":3}}},"5":{"name":"(anonymous_5)","decl":{"start":{"line":28,"column":27},"end":{"line":28,"column":28}},"loc":{"start":{"line":28,"column":38},"end":{"line":28,"column":56}}},"6":{"name":"(anonymous_6)","decl":{"start":{"line":31,"column":27},"end":{"line":31,"column":28}},"loc":{"start":{"line":31,"column":38},"end":{"line":31,"column":56}}},"7":{"name":"(anonymous_7)","decl":{"start":{"line":34,"column":27},"end":{"line":34,"column":28}},"loc":{"start":{"line":34,"column":38},"end":{"line":34,"column":55}}},"8":{"name":"(anonymous_8)","decl":{"start":{"line":39,"column":2},"end":{"line":39,"column":5}},"loc":{"start":{"line":39,"column":15},"end":{"line":41,"column":3}}},"9":{"name":"(anonymous_9)","decl":{"start":{"line":40,"column":27},"end":{"line":40,"column":28}},"loc":{"start":{"line":40,"column":34},"end":{"line":40,"column":47}}},"10":{"name":"(anonymous_10)","decl":{"start":{"line":43,"column":2},"end":{"line":43,"column":8}},"loc":{"start":{"line":43,"column":8},"end":{"line":47,"column":3}}},"11":{"name":"(anonymous_11)","decl":{"start":{"line":46,"column":23},"end":{"line":46,"column":24}},"loc":{"start":{"line":46,"column":30},"end":{"line":46,"column":40}}},"12":{"name":"(anonymous_12)","decl":{"start":{"line":49,"column":2},"end":{"line":49,"column":17}},"loc":{"start":{"line":49,"column":17},"end":{"line":66,"column":3}}},"13":{"name":"(anonymous_13)","decl":{"start":{"line":68,"column":2},"end":{"line":68,"column":15}},"loc":{"start":{"line":68,"column":15},"end":{"line":83,"column":3}}}},"branchMap":{"0":{"loc":{"start":{"line":26,"column":4},"end":{"line":36,"column":null}},"type":"switch","locations":[{"start":{"line":27,"column":6},"end":{"line":29,"column":14}},{"start":{"line":30,"column":6},"end":{"line":32,"column":14}},{"start":{"line":33,"column":6},"end":{"line":35,"column":14}}]},"1":{"loc":{"start":{"line":53,"column":6},"end":{"line":55,"column":null}},"type":"if","locations":[{"start":{"line":53,"column":6},"end":{"line":55,"column":null}}]},"2":{"loc":{"start":{"line":61,"column":6},"end":{"line":63,"column":null}},"type":"if","locations":[{"start":{"line":61,"column":6},"end":{"line":63,"column":null}}]},"3":{"loc":{"start":{"line":72,"column":6},"end":{"line":74,"column":null}},"type":"if","locations":[{"start":{"line":72,"column":6},"end":{"line":74,"column":null}}]},"4":{"loc":{"start":{"line":76,"column":6},"end":{"line":79,"column":null}},"type":"if","locations":[{"start":{"line":76,"column":6},"end":{"line":79,"column":null}}]}},"s":{"0":486,"1":486,"2":486,"3":486,"4":4374,"5":0,"6":0,"7":486,"8":162,"9":1458,"10":162,"11":162,"12":1458,"13":162,"14":162,"15":1458,"16":162,"17":887611,"18":6240342,"19":5985,"20":5985,"21":5985,"22":53865,"23":5985,"24":5985,"25":5985,"26":53865,"27":53865,"28":26658,"29":27207,"30":5985,"31":5985,"32":5985,"33":53865,"34":26661,"35":5985,"36":5985,"37":5985,"38":5985,"39":53861,"40":53861,"41":26655,"42":27206,"43":3,"44":3,"45":27203,"46":5982,"47":5},"f":{"0":486,"1":4374,"2":0,"3":0,"4":486,"5":1458,"6":1458,"7":1458,"8":887611,"9":6240342,"10":5985,"11":53865,"12":5985,"13":5985},"b":{"0":[162,162,162],"1":[26658],"2":[26661],"3":[26655],"4":[3]}}
,"F:\\code\\misc\\sudoku-hero\\src\\classes\\GameController.ts": {"path":"F:\\code\\misc\\sudoku-hero\\src\\classes\\GameController.ts","statementMap":{"0":{"start":{"line":1,"column":0},"end":{"line":1,"column":33}},"1":{"start":{"line":2,"column":0},"end":{"line":2,"column":23}},"2":{"start":{"line":9,"column":22},"end":{"line":9,"column":34}},"3":{"start":{"line":10,"column":4},"end":{"line":10,"column":22}},"4":{"start":{"line":11,"column":4},"end":{"line":11,"column":19}},"5":{"start":{"line":15,"column":4},"end":{"line":15,"column":31}},"6":{"start":{"line":16,"column":4},"end":{"line":16,"column":22}},"7":{"start":{"line":20,"column":4},"end":{"line":22,"column":null}},"8":{"start":{"line":21,"column":6},"end":{"line":21,"column":22}},"9":{"start":{"line":23,"column":4},"end":{"line":23,"column":40}},"10":{"start":{"line":27,"column":4},"end":{"line":27,"column":17}},"11":{"start":{"line":28,"column":4},"end":{"line":28,"column":17}},"12":{"start":{"line":30,"column":4},"end":{"line":34,"column":null}},"13":{"start":{"line":31,"column":6},"end":{"line":33,"column":8}},"14":{"start":{"line":36,"column":20},"end":{"line":36,"column":62}},"15":{"start":{"line":36,"column":60},"end":{"line":36,"column":61}},"16":{"start":{"line":37,"column":26},"end":{"line":37,"column":61}},"17":{"start":{"line":39,"column":4},"end":{"line":42,"column":null}},"18":{"start":{"line":39,"column":17},"end":{"line":39,"column":18}},"19":{"start":{"line":40,"column":18},"end":{"line":40,"column":34}},"20":{"start":{"line":41,"column":6},"end":{"line":41,"column":37}},"21":{"start":{"line":44,"column":4},"end":{"line":44,"column":22}},"22":{"start":{"line":48,"column":20},"end":{"line":48,"column":62}},"23":{"start":{"line":48,"column":60},"end":{"line":48,"column":61}},"24":{"start":{"line":49,"column":18},"end":{"line":50,"column":null}},"25":{"start":{"line":50,"column":13},"end":{"line":50,"column":56}},"26":{"start":{"line":52,"column":4},"end":{"line":56,"column":null}},"27":{"start":{"line":53,"column":6},"end":{"line":55,"column":8}},"28":{"start":{"line":60,"column":4},"end":{"line":62,"column":null}},"29":{"start":{"line":61,"column":6},"end":{"line":61,"column":62}},"30":{"start":{"line":64,"column":4},"end":{"line":66,"column":null}},"31":{"start":{"line":65,"column":6},"end":{"line":65,"column":18}},"32":{"start":{"line":68,"column":16},"end":{"line":68,"column":28}},"33":{"start":{"line":69,"column":23},"end":{"line":69,"column":41}},"34":{"start":{"line":71,"column":17},"end":{"line":71,"column":47}},"35":{"start":{"line":72,"column":20},"end":{"line":72,"column":34}},"36":{"start":{"line":74,"column":4},"end":{"line":76,"column":null}},"37":{"start":{"line":75,"column":6},"end":{"line":75,"column":19}},"38":{"start":{"line":78,"column":4},"end":{"line":84,"column":null}},"39":{"start":{"line":78,"column":17},"end":{"line":78,"column":18}},"40":{"start":{"line":79,"column":18},"end":{"line":79,"column":28}},"41":{"start":{"line":80,"column":6},"end":{"line":80,"column":36}},"42":{"start":{"line":81,"column":6},"end":{"line":83,"column":null}},"43":{"start":{"line":82,"column":8},"end":{"line":82,"column":20}},"44":{"start":{"line":86,"column":4},"end":{"line":86,"column":35}},"45":{"start":{"line":87,"column":4},"end":{"line":87,"column":17}},"46":{"start":{"line":6,"column":0},"end":{"line":6,"column":13}}},"fnMap":{"0":{"name":"(anonymous_1)","decl":{"start":{"line":9,"column":2},"end":{"line":9,"column":22}},"loc":{"start":{"line":9,"column":34},"end":{"line":12,"column":3}}},"1":{"name":"(anonymous_2)","decl":{"start":{"line":14,"column":2},"end":{"line":14,"column":7}},"loc":{"start":{"line":14,"column":7},"end":{"line":17,"column":3}}},"2":{"name":"(anonymous_3)","decl":{"start":{"line":19,"column":2},"end":{"line":19,"column":16}},"loc":{"start":{"line":19,"column":48},"end":{"line":24,"column":3}}},"3":{"name":"(anonymous_4)","decl":{"start":{"line":26,"column":2},"end":{"line":26,"column":8}},"loc":{"start":{"line":26,"column":18},"end":{"line":45,"column":3}}},"4":{"name":"(anonymous_5)","decl":{"start":{"line":36,"column":50},"end":{"line":36,"column":51}},"loc":{"start":{"line":36,"column":60},"end":{"line":36,"column":61}}},"5":{"name":"(anonymous_6)","decl":{"start":{"line":47,"column":2},"end":{"line":47,"column":7}},"loc":{"start":{"line":47,"column":7},"end":{"line":57,"column":3}}},"6":{"name":"(anonymous_7)","decl":{"start":{"line":48,"column":50},"end":{"line":48,"column":51}},"loc":{"start":{"line":48,"column":60},"end":{"line":48,"column":61}}},"7":{"name":"(anonymous_8)","decl":{"start":{"line":50,"column":6},"end":{"line":50,"column":7}},"loc":{"start":{"line":50,"column":13},"end":{"line":50,"column":56}}},"8":{"name":"(anonymous_9)","decl":{"start":{"line":59,"column":10},"end":{"line":59,"column":16}},"loc":{"start":{"line":59,"column":36},"end":{"line":88,"column":3}}}},"branchMap":{"0":{"loc":{"start":{"line":20,"column":4},"end":{"line":22,"column":null}},"type":"if","locations":[{"start":{"line":20,"column":4},"end":{"line":22,"column":null}}]},"1":{"loc":{"start":{"line":30,"column":4},"end":{"line":34,"column":null}},"type":"if","locations":[{"start":{"line":30,"column":4},"end":{"line":34,"column":null}}]},"2":{"loc":{"start":{"line":52,"column":4},"end":{"line":56,"column":null}},"type":"if","locations":[{"start":{"line":52,"column":4},"end":{"line":56,"column":null}}]},"3":{"loc":{"start":{"line":60,"column":4},"end":{"line":62,"column":null}},"type":"if","locations":[{"start":{"line":60,"column":4},"end":{"line":62,"column":null}}]},"4":{"loc":{"start":{"line":64,"column":4},"end":{"line":66,"column":null}},"type":"if","locations":[{"start":{"line":64,"column":4},"end":{"line":66,"column":null}}]},"5":{"loc":{"start":{"line":74,"column":4},"end":{"line":76,"column":null}},"type":"if","locations":[{"start":{"line":74,"column":4},"end":{"line":76,"column":null}}]},"6":{"loc":{"start":{"line":81,"column":6},"end":{"line":83,"column":null}},"type":"if","locations":[{"start":{"line":81,"column":6},"end":{"line":83,"column":null}}]},"7":{"loc":{"start":{"line":81,"column":10},"end":{"line":81,"column":55}},"type":"binary-expr","locations":[{"start":{"line":81,"column":10},"end":{"line":81,"column":28}},{"start":{"line":81,"column":32},"end":{"line":81,"column":55}}]}},"s":{"0":1,"1":1,"2":5,"3":5,"4":5,"5":5,"6":5,"7":1961,"8":1233,"9":1961,"10":3,"11":3,"12":3,"13":0,"14":3,"15":243,"16":3,"17":3,"18":3,"19":202,"20":202,"21":3,"22":4,"23":324,"24":4,"25":324,"26":4,"27":0,"28":1237,"29":0,"30":1237,"31":4,"32":1233,"33":1233,"34":1233,"35":1233,"36":1233,"37":413,"38":820,"39":820,"40":1233,"41":1233,"42":1233,"43":294,"44":526,"45":526,"46":1},"f":{"0":5,"1":5,"2":1961,"3":3,"4":243,"5":4,"6":324,"7":324,"8":1237},"b":{"0":[1233],"1":[0],"2":[0],"3":[0],"4":[4],"5":[413],"6":[294],"7":[1233,1233]}}
}
