TN:
SF:src\helpers.ts
FN:5,createCell
FN:24,getCellsFromTemplate
FN:27,(anonymous_2)
FN:29,(anonymous_3)
FN:34,getRowFromCells
FN:42,getColFromCells
FN:50,getSubGridFromCells
FN:64,getRowsFromCells
FN:72,getColsFromCells
FN:80,getSubGridsFromCells
FN:88,getIndex
FN:92,getRowColumn
FNF:12
FNH:11
FNDA:1473,createCell
FNDA:18,getCellsFromTemplate
FNDA:1377,(anonymous_2)
FNDA:81,(anonymous_3)
FNDA:162,getRowFromCells
FNDA:162,getColFromCells
FNDA:162,getSubGridFromCells
FNDA:18,getRowsFromCells
FNDA:18,getColsFromCells
FNDA:18,getSubGridsFromCells
FNDA:4395,getIndex
FNDA:0,getRowColumn
DA:1,5
DA:3,5
DA:5,5
DA:6,1473
DA:7,6
DA:10,1467
DA:11,1467
DA:12,1467
DA:13,1467
DA:14,1467
DA:16,1467
DA:24,5
DA:25,18
DA:26,18
DA:27,1377
DA:29,81
DA:31,18
DA:34,5
DA:35,162
DA:36,162
DA:37,1458
DA:39,162
DA:42,5
DA:43,162
DA:44,162
DA:45,1458
DA:47,162
DA:50,5
DA:51,162
DA:52,162
DA:53,162
DA:55,162
DA:56,486
DA:57,1458
DA:61,162
DA:64,5
DA:65,18
DA:66,18
DA:67,162
DA:69,18
DA:72,5
DA:73,18
DA:74,18
DA:75,162
DA:77,18
DA:80,5
DA:81,18
DA:82,18
DA:83,162
DA:85,18
DA:88,5
DA:89,4395
DA:92,5
DA:93,0
DA:94,0
DA:95,0
LF:56
LH:53
BRDA:5,0,0,1392
BRDA:6,1,0,6
BRDA:6,2,0,1473
BRDA:6,2,1,1470
BRDA:24,3,0,0
BRDA:26,4,0,17
BRDA:26,4,1,1
BRDA:26,5,0,18
BRDA:26,5,1,12
BRF:9
BRH:8
end_of_record
TN:
SF:src\classes\Board.ts
FN:23,(anonymous_1)
FN:28,(anonymous_2)
FN:33,(anonymous_3)
FN:34,(anonymous_4)
FN:35,(anonymous_5)
FN:38,(anonymous_6)
FN:39,(anonymous_7)
FN:42,(anonymous_8)
FN:43,(anonymous_9)
FN:46,(anonymous_10)
FN:50,(anonymous_11)
FN:54,(anonymous_12)
FN:59,(anonymous_13)
FN:79,(anonymous_14)
FN:83,(anonymous_15)
FN:87,(anonymous_16)
FN:91,(anonymous_17)
FN:93,(anonymous_18)
FN:97,(anonymous_19)
FN:100,(anonymous_20)
FN:101,(anonymous_21)
FN:105,(anonymous_22)
FNF:22
FNH:20
FNDA:12,(anonymous_1)
FNDA:18,(anonymous_2)
FNDA:162,(anonymous_3)
FNDA:162,(anonymous_4)
FNDA:162,(anonymous_5)
FNDA:0,(anonymous_6)
FNDA:0,(anonymous_7)
FNDA:8,(anonymous_8)
FNDA:648,(anonymous_9)
FNDA:7,(anonymous_10)
FNDA:1562,(anonymous_11)
FNDA:12,(anonymous_12)
FNDA:1995,(anonymous_13)
FNDA:19926,(anonymous_14)
FNDA:19923,(anonymous_15)
FNDA:19923,(anonymous_16)
FNDA:1,(anonymous_17)
FNDA:81,(anonymous_18)
FNDA:1,(anonymous_19)
FNDA:81,(anonymous_20)
FNDA:81,(anonymous_21)
FNDA:1992,(anonymous_22)
DA:1,4
DA:3,4
DA:15,4
DA:24,12
DA:25,12
DA:29,18
DA:30,18
DA:31,18
DA:32,18
DA:33,162
DA:34,162
DA:35,162
DA:39,0
DA:43,648
DA:47,7
DA:51,1562
DA:55,12
DA:56,12
DA:60,1995
DA:62,1995
DA:64,1995
DA:65,1995
DA:66,1995
DA:68,1995
DA:69,1995
DA:70,1995
DA:72,1995
DA:73,3
DA:75,1992
DA:80,19926
DA:84,19923
DA:88,19923
DA:92,1
DA:93,81
DA:94,1
DA:98,1
DA:100,81
DA:101,81
DA:102,1
DA:106,1992
DA:107,17928
DA:112,0
DA:113,0
DA:116,1992
LF:44
LH:41
BRDA:23,0,0,6
BRDA:72,1,0,3
BRDA:72,1,1,1992
BRDA:72,2,0,1995
BRDA:72,2,1,1994
BRDA:72,2,2,1993
BRDA:93,3,0,1
BRDA:93,3,1,80
BRDA:93,4,0,81
BRDA:93,4,1,1
BRDA:101,5,0,80
BRDA:101,5,1,1
BRDA:107,6,0,0
BRDA:108,7,0,17928
BRDA:108,7,1,17928
BRDA:108,7,2,17928
BRF:16
BRH:15
end_of_record
TN:
SF:src\classes\Cell.ts
FN:23,(anonymous_0)
FN:29,(anonymous_1)
FN:36,(anonymous_2)
FN:40,(anonymous_3)
FN:44,(anonymous_4)
FN:51,(anonymous_5)
FNF:6
FNH:5
FNDA:1467,(anonymous_0)
FNDA:13203,(anonymous_1)
FNDA:0,(anonymous_2)
FNDA:6430666,(anonymous_3)
FNDA:3466,(anonymous_4)
FNDA:53865,(anonymous_5)
DA:11,5
DA:24,1467
DA:25,1467
DA:26,1467
DA:27,1467
DA:29,13203
DA:31,1467
DA:32,1467
DA:33,1467
DA:37,0
DA:41,6430666
DA:45,3466
DA:46,2
DA:48,3464
DA:52,53865
DA:53,53865
DA:54,484785
DA:55,484785
DA:56,141582
DA:59,53865
LF:20
LH:19
BRDA:37,0,0,0
BRDA:37,0,1,0
BRDA:37,1,0,0
BRDA:37,1,1,0
BRDA:45,2,0,2
BRDA:45,3,0,3466
BRDA:45,3,1,1272
BRDA:45,3,2,1271
BRDA:55,4,0,141582
BRDA:55,5,0,484785
BRDA:55,5,1,231799
BRDA:55,5,2,171021
BRDA:55,6,0,0
BRDA:55,6,1,484785
BRDA:55,7,0,484785
BRDA:55,7,1,484785
BRDA:55,8,0,0
BRDA:55,8,1,231799
BRDA:55,9,0,231799
BRDA:55,9,1,231799
BRDA:55,10,0,0
BRDA:55,10,1,171021
BRDA:55,11,0,171021
BRDA:55,11,1,171021
BRF:24
BRH:17
end_of_record
TN:
SF:src\classes\Division.ts
FN:14,(anonymous_0)
FN:18,(anonymous_1)
FN:21,(anonymous_2)
FN:22,(anonymous_3)
FN:25,(anonymous_4)
FN:28,(anonymous_5)
FN:31,(anonymous_6)
FN:34,(anonymous_7)
FN:39,(anonymous_8)
FN:40,(anonymous_9)
FN:43,(anonymous_10)
FN:46,(anonymous_11)
FN:49,(anonymous_12)
FN:68,(anonymous_13)
FNF:14
FNH:12
FNDA:486,(anonymous_0)
FNDA:4374,(anonymous_1)
FNDA:0,(anonymous_2)
FNDA:0,(anonymous_3)
FNDA:486,(anonymous_4)
FNDA:1458,(anonymous_5)
FNDA:1458,(anonymous_6)
FNDA:1458,(anonymous_7)
FNDA:887611,(anonymous_8)
FNDA:6240342,(anonymous_9)
FNDA:5985,(anonymous_10)
FNDA:53865,(anonymous_11)
FNDA:5985,(anonymous_12)
FNDA:5985,(anonymous_13)
DA:8,5
DA:15,486
DA:16,486
DA:17,486
DA:18,4374
DA:22,0
DA:26,486
DA:28,1458
DA:29,162
DA:31,1458
DA:32,162
DA:34,1458
DA:35,162
DA:40,6240342
DA:44,5985
DA:45,5985
DA:46,53865
DA:50,5985
DA:51,5985
DA:52,53865
DA:53,53865
DA:54,26658
DA:57,27207
DA:59,5985
DA:60,5985
DA:61,53865
DA:62,26661
DA:65,5985
DA:69,5985
DA:70,5985
DA:71,53861
DA:72,53861
DA:73,26655
DA:76,27206
DA:77,3
DA:78,3
DA:80,27203
DA:82,5982
LF:38
LH:37
BRDA:26,0,0,162
BRDA:26,0,1,162
BRDA:26,0,2,162
BRDA:53,1,0,26658
BRDA:61,2,0,26661
BRDA:72,3,0,26655
BRDA:76,4,0,3
BRF:7
BRH:7
end_of_record
TN:
SF:src\classes\GameController.ts
FN:9,(anonymous_1)
FN:14,(anonymous_2)
FN:19,(anonymous_3)
FN:26,(anonymous_4)
FN:36,(anonymous_5)
FN:47,(anonymous_6)
FN:48,(anonymous_7)
FN:50,(anonymous_8)
FN:59,(anonymous_9)
FNF:9
FNH:9
FNDA:5,(anonymous_1)
FNDA:5,(anonymous_2)
FNDA:1961,(anonymous_3)
FNDA:3,(anonymous_4)
FNDA:243,(anonymous_5)
FNDA:4,(anonymous_6)
FNDA:324,(anonymous_7)
FNDA:324,(anonymous_8)
FNDA:1237,(anonymous_9)
DA:1,1
DA:2,1
DA:6,1
DA:9,5
DA:10,5
DA:11,5
DA:15,5
DA:16,5
DA:20,1961
DA:21,1233
DA:23,1961
DA:27,3
DA:28,3
DA:30,3
DA:31,0
DA:36,243
DA:37,3
DA:39,3
DA:40,202
DA:41,202
DA:44,3
DA:48,324
DA:49,4
DA:50,324
DA:52,4
DA:53,0
DA:60,1237
DA:61,0
DA:64,1237
DA:65,4
DA:68,1233
DA:69,1233
DA:71,1233
DA:72,1233
DA:74,1233
DA:75,413
DA:78,820
DA:79,1233
DA:80,1233
DA:81,1233
DA:82,294
DA:86,526
DA:87,526
LF:43
LH:40
BRDA:20,0,0,1233
BRDA:30,1,0,0
BRDA:52,2,0,0
BRDA:60,3,0,0
BRDA:64,4,0,4
BRDA:74,5,0,413
BRDA:81,6,0,294
BRDA:81,7,0,1233
BRDA:81,7,1,1233
BRF:9
BRH:6
end_of_record
